<?xml version='1.0' encoding='UTF-8'?>
<testsuite hostname="DESKTOP-PC" name="Test1" tests="11" errors="0" failures="0" skipped="0" time="0.06" timestamp="2025-05-22T19:02:25">
          <properties>
      <property name="awt.toolkit" value="sun.awt.windows.WToolkit"/><property name="java.specification.version" value="11"/><property name="sun.cpu.isalist" value="amd64"/><property name="sun.jnu.encoding" value="Cp1251"/><property name="sun.arch.data.model" value="64"/><property name="sbt.supershell" value="false"/><property name="java.vendor.url" value="http://java.oracle.com/"/><property name="sun.boot.library.path" value="C:\Program Files\Java\jdk-11.0.1\bin"/><property name="sun.java.command" value="C:\Users\HappyGoga\AppData\Roaming\JetBrains\IdeaIC2023.3\plugins\Scala\launcher\sbt-launch.jar early(addPluginSbtFile=&quot;&quot;&quot;C:\Users\HappyGoga\AppData\Local\Temp\idea.sbt&quot;&quot;&quot;) ; set ideaPort in Global := 55358 ; idea-shell"/><property name="jdk.debug" value="release"/><property name="sun.stderr.encoding" value="cp866"/><property name="java.specification.vendor" value="Oracle Corporation"/><property name="java.version.date" value="2018-10-16"/><property name="java.home" value="C:\Program Files\Java\jdk-11.0.1"/><property name="file.separator" value="\"/><property name="java.vm.compressedOopsMode" value="32-bit"/><property name="line.separator" value="
"/><property name="sun.stdout.encoding" value="cp866"/><property name="java.specification.name" value="Java Platform API Specification"/><property name="java.vm.specification.vendor" value="Oracle Corporation"/><property name="idea.installation.dir" value="C:\Program Files\JetBrains\IntelliJ IDEA Community Edition 2023.3.4"/><property name="user.script" value=""/><property name="sun.management.compiler" value="HotSpot 64-Bit Tiered Compilers"/><property name="java.runtime.version" value="11.0.1+13"/><property name="user.name" value="HappyGoga"/><property name="log4j.ignoreTCL" value="true"/><property name="file.encoding" value="UTF-8"/><property name="jnidispatch.path" value="C:\Users\HAPPYG~1\AppData\Local\Temp\jna--97191262\jna2980859110707943662.dll"/><property name="java.vendor.version" value="18.9"/><property name="jna.loaded" value="true"/><property name="java.io.tmpdir" value="C:\Users\HAPPYG~1\AppData\Local\Temp\"/><property name="java.version" value="11.0.1"/><property name="java.vm.specification.name" value="Java Virtual Machine Specification"/><property name="java.awt.printerjob" value="sun.awt.windows.WPrinterJob"/><property name="sun.os.patch.level" value=""/><property name="java.library.path" value="C:\Program Files\Java\jdk-11.0.1\bin;C:\Windows\Sun\Java\bin;C:\Windows\system32;C:\Windows;C:\Program Files\Common Files\Oracle\Java\javapath;C:\Program Files (x86)\Common Files\Oracle\Java\java8path;C:\Program Files (x86)\Common Files\Oracle\Java\javapath;C:\Windows\system32;C:\Windows;C:\Windows\System32\Wbem;C:\Windows\System32\WindowsPowerShell\v1.0\;C:\Windows\System32\OpenSSH\;C:\Program Files (x86)\NVIDIA Corporation\PhysX\Common;C:\Program Files\Git\cmd;C:\Program Files\nodejs\;C:\Program Files\NVIDIA Corporation\NVIDIA app\NvDLISR;C:\Users\HappyGoga\Desktop\openjdk-11.0.1_windows-x64_bin\jdk-11.0.1\bin;C:\Users\HappyGoga\yandex-cloud\packer;C:\Users\HappyGoga\yandex-cloud\terraform;;C:\Program Files\Docker\Docker\resources\bin;C:\Users\HappyGoga\AppData\Local\Programs\Python\Python311\Scripts\;C:\Users\HappyGoga\AppData\Local\Programs\Python\Python311\;C:\Users\HappyGoga\AppData\Local\Programs\Python\Python313\Scripts\;C:\Users\HappyGoga\AppData\Local\Programs\Python\Python313\;C:\Users\HappyGoga\AppData\Local\Programs\Python\Launcher\;C:\Users\HappyGoga\AppData\Local\Microsoft\WindowsApps;C:\Users\HappyGoga\AppData\Local\Programs\Microsoft VS Code\bin;C:\Users\HappyGoga\AppData\Roaming\npm;C:\Users\HappyGoga\AppData\Local\Coursier\data\bin;C:\Program Files\openJDK\jdk-11.0.1\bin;C:\Users\HappyGoga\AppData\Local\GitHubDesktop\bin;C:\Users\HappyGoga\yandex-cloud\bin;."/><property name="java.vendor" value="Oracle Corporation"/><property name="sun.io.unicode.encoding" value="UnicodeLittle"/><property name="sun.desktop" value="windows"/><property name="java.class.path" value="C:\Users\HappyGoga\AppData\Roaming\JetBrains\IdeaIC2023.3\plugins\Scala\launcher\sbt-launch.jar"/><property name="java.vm.vendor" value="Oracle Corporation"/><property name="user.variant" value=""/><property name="jline.shutdownhook" value="false"/><property name="user.timezone" value="Asia/Yekaterinburg"/><property name="os.name" value="Windows 10"/><property name="java.vm.specification.version" value="11"/><property name="sun.java.launcher" value="SUN_STANDARD"/><property name="user.country" value="RU"/><property name="sun.cpu.endian" value="little"/><property name="user.home" value="C:\Users\HappyGoga"/><property name="user.language" value="ru"/><property name="sbt.ipcsocket.tmpdir" value="C:\Users\HAPPYG~1\AppData\Local\Temp\.sbt1bf0e417\ipcsocket"/><property name="swoval.tmpdir" value="C:\Users\HAPPYG~1\AppData\Local\Temp\.sbt1bf0e417\swoval"/><property name="java.awt.graphicsenv" value="sun.awt.Win32GraphicsEnvironment"/><property name="jline.esc.timeout" value="0"/><property name="path.separator" value=";"/><property name="os.version" value="10.0"/><property name="jna.nosys" value="true"/><property name="java.runtime.name" value="OpenJDK Runtime Environment"/><property name="sbt.log.noformat" value="true"/><property name="java.vm.name" value="OpenJDK 64-Bit Server VM"/><property name="java.vendor.url.bug" value="http://bugreport.java.com/bugreport/"/><property name="user.dir" value="C:\Users\HappyGoga\Desktop\naumen.scala.course.2025.spring-full\naumen.scala.course.2025.spring\homeworks\homework_5"/><property name="os.arch" value="amd64"/><property name="idea.managed" value="true"/><property name="java.vm.info" value="mixed mode"/><property name="java.vm.version" value="11.0.1+13"/><property name="java.class.version" value="55.0"/>
    </properties>
          <testcase classname="Test1" name="showCats.veryLittleCat" time="0.035">
                      
                    </testcase><testcase classname="Test1" name="showCats.littleCat" time="0.004">
                      
                    </testcase><testcase classname="Test1" name="showCats.normalCat" time="0.003">
                      
                    </testcase><testcase classname="Test1" name="showCats.bigCat" time="0.004">
                      
                    </testcase><testcase classname="Test1" name="showCats.veryBigCat" time="0.004">
                      
                    </testcase><testcase classname="Test1" name="showBox.emptyBox" time="0.006">
                      
                    </testcase><testcase classname="Test1" name="showBox.catInBox.veryLittleCat" time="0.002">
                      
                    </testcase><testcase classname="Test1" name="showBox.catInBox.littleCat" time="0.001">
                      
                    </testcase><testcase classname="Test1" name="showBox.catInBox.normalCat" time="0.001">
                      
                    </testcase><testcase classname="Test1" name="showBox.catInBox.bigCat" time="0.0">
                      
                    </testcase><testcase classname="Test1" name="showBox.catInBox.veryBigCat" time="0.0">
                      
                    </testcase>
          <system-out><![CDATA[]]></system-out>
          <system-err><![CDATA[]]></system-err>
        </testsuite>