<?xml version='1.0' encoding='UTF-8'?>
<testsuite hostname="DESKTOP-72M78R0" name="Test4" tests="8" errors="0" failures="0" skipped="0" time="0.028" timestamp="2025-04-25T17:43:19">
          <properties>
      <property name="java.specification.version" value="18"/><property name="sun.cpu.isalist" value="amd64"/><property name="sun.jnu.encoding" value="Cp1251"/><property name="sun.arch.data.model" value="64"/><property name="sbt.supershell" value="false"/><property name="java.vendor.url" value="https://aws.amazon.com/corretto/"/><property name="sun.boot.library.path" value="C:\Users\Test\.jdks\corretto-18.0.2\bin"/><property name="sun.java.command" value="C:\Users\Test\AppData\Roaming\JetBrains\IdeaIC2023.3\plugins\Scala\launcher\sbt-launch.jar early(addPluginSbtFile=&quot;&quot;&quot;C:\Users\Test\AppData\Local\Temp\idea.sbt&quot;&quot;&quot;) ; set ideaPort in Global := 65337 ; idea-shell"/><property name="jdk.debug" value="release"/><property name="sun.stderr.encoding" value="windows-1251"/><property name="java.specification.vendor" value="Oracle Corporation"/><property name="java.version.date" value="2022-07-19"/><property name="java.home" value="C:\Users\Test\.jdks\corretto-18.0.2"/><property name="file.separator" value="\"/><property name="java.vm.compressedOopsMode" value="32-bit"/><property name="sun.stdout.encoding" value="windows-1251"/><property name="line.separator" value="
"/><property name="java.vm.specification.vendor" value="Oracle Corporation"/><property name="java.specification.name" value="Java Platform API Specification"/><property name="idea.installation.dir" value="C:\Program Files\JetBrains\IntelliJ IDEA Community Edition 2023.3.4"/><property name="user.script" value=""/><property name="sun.management.compiler" value="HotSpot 64-Bit Tiered Compilers"/><property name="java.runtime.version" value="18.0.2+9-FR"/><property name="user.name" value="Test"/><property name="log4j.ignoreTCL" value="true"/><property name="file.encoding" value="UTF-8"/><property name="jnidispatch.path" value="C:\Users\Test\AppData\Local\Temp\jna-2603186\jna4951874289476250753.dll"/><property name="java.vendor.version" value="Corretto-18.0.2.9.1"/><property name="jna.loaded" value="true"/><property name="java.io.tmpdir" value="C:\Users\Test\AppData\Local\Temp\"/><property name="java.version" value="18.0.2"/><property name="java.vm.specification.name" value="Java Virtual Machine Specification"/><property name="sun.os.patch.level" value=""/><property name="native.encoding" value="Cp1251"/><property name="java.library.path" value="C:\Users\Test\.jdks\corretto-18.0.2\bin;C:\WINDOWS\Sun\Java\bin;C:\WINDOWS\system32;C:\WINDOWS;;;C:\Program Files (x86)\Common Files\Oracle\Java\java8path;C:\Program Files (x86)\Common Files\Oracle\Java\javapath;C:\Program Files (x86)\Razer\ChromaBroadcast\bin;C:\Program Files\Razer\ChromaBroadcast\bin;C:\Program Files (x86)\Razer Chroma SDK\bin;C:\Program Files\Razer Chroma SDK\bin;C:\WINDOWS\system32;C:\WINDOWS;C:\WINDOWS\System32\Wbem;C:\WINDOWS\System32\WindowsPowerShell\v1.0\;C:\WINDOWS\System32\OpenSSH\;C:\Program Files\NVIDIA Corporation\NVIDIA NvDLISR;C:\Program Files (x86)\NVIDIA Corporation\PhysX\Common;C:\Users\Test\AppData\Local\Microsoft\WindowsApps;C:\WINDOWS\system32\config\systemprofile\AppData\Local\Microsoft\WindowsApps;C:\Program Files\Git\cmd;C:\Program Files (x86)\scala\bin;C:\Program Files\NVIDIA Corporation\NVIDIA app\NvDLISR;C:\Users\Test\AppData\Local\Programs\Python\Launcher\;C:\Users\Test\AppData\Local\Microsoft\WindowsApps;C:\Users\Test\AppData\Local\Programs\Microsoft VS Code\bin;C:\Users\Test\AppData\Local\Coursier\data\bin;."/><property name="java.vendor" value="Amazon.com Inc."/><property name="sun.io.unicode.encoding" value="UnicodeLittle"/><property name="java.class.path" value="C:\Users\Test\AppData\Roaming\JetBrains\IdeaIC2023.3\plugins\Scala\launcher\sbt-launch.jar"/><property name="java.vm.vendor" value="Amazon.com Inc."/><property name="user.variant" value=""/><property name="jline.shutdownhook" value="false"/><property name="user.timezone" value="Asia/Yekaterinburg"/><property name="java.vm.specification.version" value="18"/><property name="os.name" value="Windows 10"/><property name="sun.java.launcher" value="SUN_STANDARD"/><property name="user.country" value="RU"/><property name="sun.cpu.endian" value="little"/><property name="user.home" value="C:\Users\Test"/><property name="user.language" value="ru"/><property name="sbt.ipcsocket.tmpdir" value="C:\Users\Test\AppData\Local\Temp\.sbt4f113401\ipcsocket"/><property name="swoval.tmpdir" value="C:\Users\Test\AppData\Local\Temp\.sbt4f113401\swoval"/><property name="jline.esc.timeout" value="0"/><property name="path.separator" value=";"/><property name="os.version" value="10.0"/><property name="jna.nosys" value="true"/><property name="java.runtime.name" value="OpenJDK Runtime Environment"/><property name="sbt.log.noformat" value="true"/><property name="java.vm.name" value="OpenJDK 64-Bit Server VM"/><property name="java.vendor.url.bug" value="https://github.com/corretto/corretto-18/issues/"/><property name="user.dir" value="C:\Users\Test\Desktop\naumen.scala.course.2025.spring-master-5\homeworks\homework_5"/><property name="os.arch" value="amd64"/><property name="idea.managed" value="true"/><property name="java.vm.info" value="mixed mode, sharing"/><property name="java.vm.version" value="18.0.2+9-FR"/><property name="java.class.version" value="62.0"/>
    </properties>
          <testcase classname="Test4" name="leftIdentityLow" time="0.019">
                      
                    </testcase><testcase classname="Test4" name="rightIdentityLow" time="0.0">
                      
                    </testcase><testcase classname="Test4" name="associativityLow" time="0.001">
                      
                    </testcase><testcase classname="Test4" name="usage.simpleUsage" time="0.004">
                      
                    </testcase><testcase classname="Test4" name="usage.errorUsage" time="0.001">
                      
                    </testcase><testcase classname="Test4" name="usage.possibleErrorUsage" time="0.001">
                      
                    </testcase><testcase classname="Test4" name="usage.recoverErrorUsage" time="0.001">
                      
                    </testcase><testcase classname="Test4" name="usage.skippingErrorStopsEvaluation" time="0.001">
                      
                    </testcase>
          <system-out><![CDATA[]]></system-out>
          <system-err><![CDATA[]]></system-err>
        </testsuite>