<?xml version='1.0' encoding='UTF-8'?>
<testsuite hostname="HOME-PC" name="Tests" tests="6" errors="0" failures="0" skipped="0" time="0.498" timestamp="2025-05-18T01:10:47">
          <properties>
      <property name="jline.esc.timeout" value="0"/><property name="java.runtime.name" value="Java(TM) SE Runtime Environment"/><property name="sun.boot.library.path" value="C:\Program Files\Java\jre1.8.0_431\bin"/><property name="java.vm.version" value="25.431-b10"/><property name="java.vm.vendor" value="Oracle Corporation"/><property name="java.vendor.url" value="http://java.oracle.com/"/><property name="path.separator" value=";"/><property name="jna.loaded" value="true"/><property name="java.vm.name" value="Java HotSpot(TM) 64-Bit Server VM"/><property name="file.encoding.pkg" value="sun.io"/><property name="user.country" value="RU"/><property name="user.script" value=""/><property name="sun.java.launcher" value="SUN_STANDARD"/><property name="sun.os.patch.level" value=""/><property name="jna.nosys" value="true"/><property name="java.vm.specification.name" value="Java Virtual Machine Specification"/><property name="user.dir" value="D:\My\Scala\naumen.scala.course.2025.spring\homeworks\homework_6"/><property name="java.runtime.version" value="1.8.0_431-b10"/><property name="java.awt.graphicsenv" value="sun.awt.Win32GraphicsEnvironment"/><property name="java.endorsed.dirs" value="C:\Program Files\Java\jre1.8.0_431\lib\endorsed"/><property name="os.arch" value="amd64"/><property name="java.io.tmpdir" value="C:\Temp\"/><property name="line.separator" value="
"/><property name="java.vm.specification.vendor" value="Oracle Corporation"/><property name="log4j.ignoreTCL" value="true"/><property name="user.variant" value=""/><property name="os.name" value="Windows 10"/><property name="sun.jnu.encoding" value="Cp1251"/><property name="jnidispatch.path" value="C:\Temp\jna-2130169\jna4506135813832942400.dll"/><property name="java.library.path" value="C:\Program Files\Java\jre1.8.0_431\bin;C:\Windows\Sun\Java\bin;C:\Windows\system32;C:\Windows;C:\Program Files (x86)\Common Files\Oracle\Java\java8path;C:\Program Files (x86)\Common Files\Oracle\Java\javapath;C:\Windows\system32;C:\Windows;C:\Windows\System32\Wbem;C:\Windows\System32\WindowsPowerShell\v1.0\;C:\Program Files (x86)\scala\bin;C:\Program Files\Git\cmd;C:\Users\Dima\Downloads;C:\Windows\System32\OpenSSH\;C:\Program Files (x86)\blur;;C:\Program Files\Docker\Docker\resources\bin;C:\Users\Dima\Downloads\yandexCloud\jq\;C:\Users\Dima\AppData\Local\Programs\Python\Python313\Scripts\;C:\Users\Dima\AppData\Local\Programs\Python\Python313\;C:\Program Files\MySQL\MySQL Shell 9.2\bin\;C:\Users\Dima\AppData\Local\Programs\Python\Launcher\;C:\Users\Dima\AppData\Local\Microsoft\WindowsApps;C:\Users\Dima\AppData\Local\Programs\Microsoft VS Code\bin;C:\Users\Dima\AppData\Local\Coursier\data\bin;C:\Users\Dima\yandex-cloud\bin;C:\Users\Dima\Downloads\packer_1.12.0_windows_amd64\;C:\Users\Dima\Downloads\terraform_1.12.0-alpha20250319_windows_amd64\;C:\Windows\System32\OpenSSH\;C:\Users\Dima\Downloads\kubectl\;C:\Users\Dima\Downloads\curl-8.13.0_1-win64-mingw\bin\;C:\Program Files\JetBrains\PyCharm Community Edition 2024.3.5\bin;;C:\Users\Dima\Downloads\yandexCloud\ydb\;;."/><property name="java.specification.name" value="Java Platform API Specification"/><property name="java.class.version" value="52.0"/><property name="sbt.ipcsocket.tmpdir" value="C:\Temp\.sbt5f9d6c6b\ipcsocket"/><property name="sun.management.compiler" value="HotSpot 64-Bit Tiered Compilers"/><property name="os.version" value="10.0"/><property name="swoval.tmpdir" value="C:\Temp\.sbt5f9d6c6b\swoval"/><property name="user.home" value="C:\Users\Dima"/><property name="user.timezone" value="Asia/Yekaterinburg"/><property name="java.awt.printerjob" value="sun.awt.windows.WPrinterJob"/><property name="file.encoding" value="UTF-8"/><property name="java.specification.version" value="1.8"/><property name="java.class.path" value="C:\Users\Dima\AppData\Local\Coursier\cache\arc\https\github.com\sbt\sbt\releases\download\v1.10.7\sbt-1.10.7.zip\sbt\bin\sbt-launch.jar"/><property name="user.name" value="Dima"/><property name="jline.shutdownhook" value="false"/><property name="java.vm.specification.version" value="1.8"/><property name="sun.java.command" value="xsbt.boot.Boot test"/><property name="java.home" value="C:\Program Files\Java\jre1.8.0_431"/><property name="sun.arch.data.model" value="64"/><property name="user.language" value="ru"/><property name="java.specification.vendor" value="Oracle Corporation"/><property name="awt.toolkit" value="sun.awt.windows.WToolkit"/><property name="java.vm.info" value="mixed mode"/><property name="java.version" value="1.8.0_431"/><property name="java.ext.dirs" value="C:\Program Files\Java\jre1.8.0_431\lib\ext;C:\Windows\Sun\Java\lib\ext"/><property name="sun.boot.class.path" value="C:\Program Files\Java\jre1.8.0_431\lib\resources.jar;C:\Program Files\Java\jre1.8.0_431\lib\rt.jar;C:\Program Files\Java\jre1.8.0_431\lib\jsse.jar;C:\Program Files\Java\jre1.8.0_431\lib\jce.jar;C:\Program Files\Java\jre1.8.0_431\lib\charsets.jar;C:\Program Files\Java\jre1.8.0_431\lib\jfr.jar;C:\Program Files\Java\jre1.8.0_431\classes"/><property name="java.vendor" value="Oracle Corporation"/><property name="sun.stderr.encoding" value="cp866"/><property name="java.specification.maintenance.version" value="6"/><property name="file.separator" value="\"/><property name="java.vendor.url.bug" value="http://bugreport.sun.com/bugreport/"/><property name="sun.io.unicode.encoding" value="UnicodeLittle"/><property name="sun.cpu.endian" value="little"/><property name="sun.stdout.encoding" value="cp866"/><property name="sun.desktop" value="windows"/><property name="sun.cpu.isalist" value="amd64"/>
    </properties>
          <testcase classname="Tests" name="tests - third task test1" time="0.108">
                      
                    </testcase><testcase classname="Tests" name="tests - firstTask test good" time="0.108">
                      
                    </testcase><testcase classname="Tests" name="tests - firstTask test fail" time="0.109">
                      
                    </testcase><testcase classname="Tests" name="tests - second task test" time="0.107">
                      
                    </testcase><testcase classname="Tests" name="tests - third task test2" time="0.031">
                      
                    </testcase><testcase classname="Tests" name="tests - third task test3" time="0.035">
                      
                    </testcase>
          <system-out><![CDATA[]]></system-out>
          <system-err><![CDATA[]]></system-err>
        </testsuite>